[2024-11-13T20:30:08.337+0000] {local_task_job_runner.py:120} INFO - ::group::Pre task execution logs
[2024-11-13T20:30:08.364+0000] {taskinstance.py:2076} INFO - Dependencies all met for dep_context=non-requeueable deps ti=<TaskInstance: Load_Stock_Data_ETL.load_data scheduled__2024-11-12T20:30:00+00:00 [queued]>
[2024-11-13T20:30:08.368+0000] {taskinstance.py:2076} INFO - Dependencies all met for dep_context=requeueable deps ti=<TaskInstance: Load_Stock_Data_ETL.load_data scheduled__2024-11-12T20:30:00+00:00 [queued]>
[2024-11-13T20:30:08.368+0000] {taskinstance.py:2306} INFO - Starting attempt 1 of 1
[2024-11-13T20:30:08.376+0000] {taskinstance.py:2330} INFO - Executing <Task(_PythonDecoratedOperator): load_data> on 2024-11-12 20:30:00+00:00
[2024-11-13T20:30:08.387+0000] {standard_task_runner.py:90} INFO - Running: ['***', 'tasks', 'run', 'Load_Stock_Data_ETL', 'load_data', 'scheduled__2024-11-12T20:30:00+00:00', '--job-id', '8396', '--raw', '--subdir', 'DAGS_FOLDER/load_stock_data_ETL.py', '--cfg-path', '/tmp/tmp5be_rfnt']
[2024-11-13T20:30:08.390+0000] {standard_task_runner.py:91} INFO - Job 8396: Subtask load_data
[2024-11-13T20:30:08.389+0000] {logging_mixin.py:188} WARNING - /home/***/.local/lib/python3.12/site-packages/***/task/task_runner/standard_task_runner.py:61 DeprecationWarning: This process (pid=1138) is multi-threaded, use of fork() may lead to deadlocks in the child.
[2024-11-13T20:30:08.393+0000] {standard_task_runner.py:63} INFO - Started process 1141 to run task
[2024-11-13T20:30:08.439+0000] {task_command.py:426} INFO - Running <TaskInstance: Load_Stock_Data_ETL.load_data scheduled__2024-11-12T20:30:00+00:00 [running]> on host 4a1c99736074
[2024-11-13T20:30:08.520+0000] {taskinstance.py:2648} INFO - Exporting env vars: AIRFLOW_CTX_DAG_OWNER='***' AIRFLOW_CTX_DAG_ID='Load_Stock_Data_ETL' AIRFLOW_CTX_TASK_ID='load_data' AIRFLOW_CTX_EXECUTION_DATE='2024-11-12T20:30:00+00:00' AIRFLOW_CTX_TRY_NUMBER='1' AIRFLOW_CTX_DAG_RUN_ID='scheduled__2024-11-12T20:30:00+00:00'
[2024-11-13T20:30:08.521+0000] {taskinstance.py:430} INFO - ::endgroup::
[2024-11-13T20:30:08.737+0000] {cursor.py:1149} INFO - Number of results in first chunk: 1
[2024-11-13T20:30:09.496+0000] {cursor.py:1149} INFO - Number of results in first chunk: 1
[2024-11-13T20:32:00.451+0000] {cursor.py:1149} INFO - Number of results in first chunk: 1
[2024-11-13T20:32:00.466+0000] {python.py:237} INFO - Done. Returned value was: True
[2024-11-13T20:32:00.468+0000] {taskinstance.py:441} INFO - ::group::Post task execution logs
[2024-11-13T20:32:00.564+0000] {taskinstance.py:1206} INFO - Marking task as SUCCESS. dag_id=Load_Stock_Data_ETL, task_id=load_data, run_id=scheduled__2024-11-12T20:30:00+00:00, execution_date=20241112T203000, start_date=20241113T203008, end_date=20241113T203200
[2024-11-13T20:32:00.632+0000] {local_task_job_runner.py:240} INFO - Task exited with return code 0
[2024-11-13T20:32:00.740+0000] {taskinstance.py:3498} INFO - 0 downstream tasks scheduled from follow-on schedule check
[2024-11-13T20:32:00.742+0000] {local_task_job_runner.py:222} INFO - ::endgroup::
