[2024-11-14T03:50:28.986+0000] {local_task_job_runner.py:120} INFO - ::group::Pre task execution logs
[2024-11-14T03:50:29.006+0000] {taskinstance.py:2076} INFO - Dependencies all met for dep_context=non-requeueable deps ti=<TaskInstance: Load_Stock_Data_ETL.load_data manual__2024-11-14T03:50:22.712872+00:00 [queued]>
[2024-11-14T03:50:29.010+0000] {taskinstance.py:2076} INFO - Dependencies all met for dep_context=requeueable deps ti=<TaskInstance: Load_Stock_Data_ETL.load_data manual__2024-11-14T03:50:22.712872+00:00 [queued]>
[2024-11-14T03:50:29.010+0000] {taskinstance.py:2306} INFO - Starting attempt 1 of 1
[2024-11-14T03:50:29.015+0000] {taskinstance.py:2330} INFO - Executing <Task(_PythonDecoratedOperator): load_data> on 2024-11-14 03:50:22.712872+00:00
[2024-11-14T03:50:29.022+0000] {logging_mixin.py:188} WARNING - /home/***/.local/lib/python3.12/site-packages/***/task/task_runner/standard_task_runner.py:61 DeprecationWarning: This process (pid=12242) is multi-threaded, use of fork() may lead to deadlocks in the child.
[2024-11-14T03:50:29.021+0000] {standard_task_runner.py:90} INFO - Running: ['***', 'tasks', 'run', 'Load_Stock_Data_ETL', 'load_data', 'manual__2024-11-14T03:50:22.712872+00:00', '--job-id', '8401', '--raw', '--subdir', 'DAGS_FOLDER/load_stock_data_ETL.py', '--cfg-path', '/tmp/tmpw5ib58bc']
[2024-11-14T03:50:29.023+0000] {standard_task_runner.py:63} INFO - Started process 12245 to run task
[2024-11-14T03:50:29.023+0000] {standard_task_runner.py:91} INFO - Job 8401: Subtask load_data
[2024-11-14T03:50:29.051+0000] {task_command.py:426} INFO - Running <TaskInstance: Load_Stock_Data_ETL.load_data manual__2024-11-14T03:50:22.712872+00:00 [running]> on host 4a1c99736074
[2024-11-14T03:50:29.093+0000] {taskinstance.py:2648} INFO - Exporting env vars: AIRFLOW_CTX_DAG_OWNER='***' AIRFLOW_CTX_DAG_ID='Load_Stock_Data_ETL' AIRFLOW_CTX_TASK_ID='load_data' AIRFLOW_CTX_EXECUTION_DATE='2024-11-14T03:50:22.712872+00:00' AIRFLOW_CTX_TRY_NUMBER='1' AIRFLOW_CTX_DAG_RUN_ID='manual__2024-11-14T03:50:22.712872+00:00'
[2024-11-14T03:50:29.093+0000] {taskinstance.py:430} INFO - ::endgroup::
[2024-11-14T03:50:29.248+0000] {cursor.py:1149} INFO - Number of results in first chunk: 1
[2024-11-14T03:50:29.572+0000] {cursor.py:1149} INFO - Number of results in first chunk: 1
[2024-11-14T03:51:52.159+0000] {cursor.py:1149} INFO - Number of results in first chunk: 1
[2024-11-14T03:51:52.162+0000] {python.py:237} INFO - Done. Returned value was: True
[2024-11-14T03:51:52.163+0000] {taskinstance.py:441} INFO - ::group::Post task execution logs
[2024-11-14T03:51:52.192+0000] {taskinstance.py:1206} INFO - Marking task as SUCCESS. dag_id=Load_Stock_Data_ETL, task_id=load_data, run_id=manual__2024-11-14T03:50:22.712872+00:00, execution_date=20241114T035022, start_date=20241114T035029, end_date=20241114T035152
[2024-11-14T03:51:52.243+0000] {local_task_job_runner.py:240} INFO - Task exited with return code 0
[2024-11-14T03:51:52.256+0000] {taskinstance.py:3498} INFO - 0 downstream tasks scheduled from follow-on schedule check
[2024-11-14T03:51:52.257+0000] {local_task_job_runner.py:222} INFO - ::endgroup::
