[2024-11-13T20:17:17.085+0000] {local_task_job_runner.py:120} INFO - ::group::Pre task execution logs
[2024-11-13T20:17:17.181+0000] {taskinstance.py:2076} INFO - Dependencies all met for dep_context=non-requeueable deps ti=<TaskInstance: BuildELT_dbt.dbt_run manual__2024-11-13T20:17:15.647839+00:00 [queued]>
[2024-11-13T20:17:17.188+0000] {taskinstance.py:2076} INFO - Dependencies all met for dep_context=requeueable deps ti=<TaskInstance: BuildELT_dbt.dbt_run manual__2024-11-13T20:17:15.647839+00:00 [queued]>
[2024-11-13T20:17:17.188+0000] {taskinstance.py:2306} INFO - Starting attempt 1 of 1
[2024-11-13T20:17:17.201+0000] {taskinstance.py:2330} INFO - Executing <Task(BashOperator): dbt_run> on 2024-11-13 20:17:15.647839+00:00
[2024-11-13T20:17:17.212+0000] {logging_mixin.py:188} WARNING - /home/***/.local/lib/python3.12/site-packages/***/task/task_runner/standard_task_runner.py:61 DeprecationWarning: This process (pid=702) is multi-threaded, use of fork() may lead to deadlocks in the child.
[2024-11-13T20:17:17.212+0000] {standard_task_runner.py:63} INFO - Started process 708 to run task
[2024-11-13T20:17:17.219+0000] {standard_task_runner.py:90} INFO - Running: ['***', 'tasks', 'run', 'BuildELT_dbt', 'dbt_run', 'manual__2024-11-13T20:17:15.647839+00:00', '--job-id', '8393', '--raw', '--subdir', 'DAGS_FOLDER/build_elt_with_dbt.py', '--cfg-path', '/tmp/tmp2gdtei39']
[2024-11-13T20:17:17.226+0000] {standard_task_runner.py:91} INFO - Job 8393: Subtask dbt_run
[2024-11-13T20:17:17.264+0000] {task_command.py:426} INFO - Running <TaskInstance: BuildELT_dbt.dbt_run manual__2024-11-13T20:17:15.647839+00:00 [running]> on host 4a1c99736074
[2024-11-13T20:17:17.370+0000] {taskinstance.py:2648} INFO - Exporting env vars: AIRFLOW_CTX_DAG_OWNER='***' AIRFLOW_CTX_DAG_ID='BuildELT_dbt' AIRFLOW_CTX_TASK_ID='dbt_run' AIRFLOW_CTX_EXECUTION_DATE='2024-11-13T20:17:15.647839+00:00' AIRFLOW_CTX_TRY_NUMBER='1' AIRFLOW_CTX_DAG_RUN_ID='manual__2024-11-13T20:17:15.647839+00:00'
[2024-11-13T20:17:17.371+0000] {taskinstance.py:430} INFO - ::endgroup::
[2024-11-13T20:17:17.388+0000] {subprocess.py:63} INFO - Tmp dir root location: /tmp
[2024-11-13T20:17:17.390+0000] {subprocess.py:75} INFO - Running command: ['/usr/bin/bash', '-c', '/home/***/.local/bin/dbt run --profiles-dir /opt/***/dbt --project-dir /opt/***/dbt']
[2024-11-13T20:17:17.396+0000] {subprocess.py:86} INFO - Output:
[2024-11-13T20:17:19.837+0000] {subprocess.py:93} INFO - [0m20:17:19  Running with dbt=1.8.7
[2024-11-13T20:17:21.197+0000] {subprocess.py:93} INFO - [0m20:17:21  Registered adapter: snowflake=1.8.4
[2024-11-13T20:17:21.473+0000] {subprocess.py:93} INFO - [0m20:17:21  Found 6 models, 1 snapshot, 2 data tests, 2 sources, 459 macros
[2024-11-13T20:17:21.476+0000] {subprocess.py:93} INFO - [0m20:17:21
[2024-11-13T20:17:23.905+0000] {subprocess.py:93} INFO - [0m20:17:23  Concurrency: 1 threads (target='dev')
[2024-11-13T20:17:23.909+0000] {subprocess.py:93} INFO - [0m20:17:23
[2024-11-13T20:17:23.981+0000] {subprocess.py:93} INFO - [0m20:17:23  1 of 1 START sql table model analytics.stock_indicators ........................ [RUN]
[2024-11-13T20:17:26.159+0000] {subprocess.py:93} INFO - [0m20:17:26  1 of 1 OK created sql table model analytics.stock_indicators ................... [[32mSUCCESS 1[0m in 2.17s]
[2024-11-13T20:17:26.164+0000] {subprocess.py:93} INFO - [0m20:17:26
[2024-11-13T20:17:26.165+0000] {subprocess.py:93} INFO - [0m20:17:26  Finished running 1 table model in 0 hours 0 minutes and 4.69 seconds (4.69s).
[2024-11-13T20:17:26.201+0000] {subprocess.py:93} INFO - [0m20:17:26
[2024-11-13T20:17:26.202+0000] {subprocess.py:93} INFO - [0m20:17:26  [32mCompleted successfully[0m
[2024-11-13T20:17:26.203+0000] {subprocess.py:93} INFO - [0m20:17:26
[2024-11-13T20:17:26.205+0000] {subprocess.py:93} INFO - [0m20:17:26  Done. PASS=1 WARN=0 ERROR=0 SKIP=0 TOTAL=1
[2024-11-13T20:17:26.919+0000] {subprocess.py:97} INFO - Command exited with return code 0
[2024-11-13T20:17:26.922+0000] {taskinstance.py:441} INFO - ::group::Post task execution logs
[2024-11-13T20:17:26.970+0000] {taskinstance.py:1206} INFO - Marking task as SUCCESS. dag_id=BuildELT_dbt, task_id=dbt_run, run_id=manual__2024-11-13T20:17:15.647839+00:00, execution_date=20241113T201715, start_date=20241113T201717, end_date=20241113T201726
[2024-11-13T20:17:27.023+0000] {local_task_job_runner.py:240} INFO - Task exited with return code 0
[2024-11-13T20:17:27.046+0000] {taskinstance.py:3498} INFO - 1 downstream tasks scheduled from follow-on schedule check
[2024-11-13T20:17:27.047+0000] {local_task_job_runner.py:222} INFO - ::endgroup::
