[2024-11-13T20:05:32.022+0000] {local_task_job_runner.py:120} INFO - ::group::Pre task execution logs
[2024-11-13T20:05:32.058+0000] {taskinstance.py:2076} INFO - Dependencies all met for dep_context=non-requeueable deps ti=<TaskInstance: BuildELT_dbt.dbt_run manual__2024-11-13T20:03:06.694624+00:00 [queued]>
[2024-11-13T20:05:32.071+0000] {taskinstance.py:2076} INFO - Dependencies all met for dep_context=requeueable deps ti=<TaskInstance: BuildELT_dbt.dbt_run manual__2024-11-13T20:03:06.694624+00:00 [queued]>
[2024-11-13T20:05:32.071+0000] {taskinstance.py:2306} INFO - Starting attempt 1 of 1
[2024-11-13T20:05:32.082+0000] {taskinstance.py:2330} INFO - Executing <Task(BashOperator): dbt_run> on 2024-11-13 20:03:06.694624+00:00
[2024-11-13T20:05:32.097+0000] {logging_mixin.py:188} WARNING - /home/***/.local/lib/python3.12/site-packages/***/task/task_runner/standard_task_runner.py:61 DeprecationWarning: This process (pid=223) is multi-threaded, use of fork() may lead to deadlocks in the child.
[2024-11-13T20:05:32.099+0000] {standard_task_runner.py:63} INFO - Started process 227 to run task
[2024-11-13T20:05:32.094+0000] {standard_task_runner.py:90} INFO - Running: ['***', 'tasks', 'run', 'BuildELT_dbt', 'dbt_run', 'manual__2024-11-13T20:03:06.694624+00:00', '--job-id', '8385', '--raw', '--subdir', 'DAGS_FOLDER/build_elt_with_dbt.py', '--cfg-path', '/tmp/tmp6uq6qlbf']
[2024-11-13T20:05:32.100+0000] {standard_task_runner.py:91} INFO - Job 8385: Subtask dbt_run
[2024-11-13T20:05:32.174+0000] {task_command.py:426} INFO - Running <TaskInstance: BuildELT_dbt.dbt_run manual__2024-11-13T20:03:06.694624+00:00 [running]> on host 4a1c99736074
[2024-11-13T20:05:32.346+0000] {taskinstance.py:2648} INFO - Exporting env vars: AIRFLOW_CTX_DAG_OWNER='***' AIRFLOW_CTX_DAG_ID='BuildELT_dbt' AIRFLOW_CTX_TASK_ID='dbt_run' AIRFLOW_CTX_EXECUTION_DATE='2024-11-13T20:03:06.694624+00:00' AIRFLOW_CTX_TRY_NUMBER='1' AIRFLOW_CTX_DAG_RUN_ID='manual__2024-11-13T20:03:06.694624+00:00'
[2024-11-13T20:05:32.348+0000] {taskinstance.py:430} INFO - ::endgroup::
[2024-11-13T20:05:32.379+0000] {subprocess.py:63} INFO - Tmp dir root location: /tmp
[2024-11-13T20:05:32.381+0000] {subprocess.py:75} INFO - Running command: ['/usr/bin/bash', '-c', '/home/***/.local/bin/dbt run --profiles-dir /opt/***/dbt --project-dir /opt/***/dbt']
[2024-11-13T20:05:32.418+0000] {subprocess.py:86} INFO - Output:
[2024-11-13T20:05:35.366+0000] {subprocess.py:93} INFO - [0m20:05:35  Running with dbt=1.8.7
[2024-11-13T20:05:36.480+0000] {subprocess.py:93} INFO - [0m20:05:36  Registered adapter: snowflake=1.8.4
[2024-11-13T20:05:36.676+0000] {subprocess.py:93} INFO - [0m20:05:36  Unable to do partial parsing because profile has changed
[2024-11-13T20:05:36.682+0000] {subprocess.py:93} INFO - [0m20:05:36  Unable to do partial parsing because a project config has changed
[2024-11-13T20:05:38.533+0000] {subprocess.py:93} INFO - [0m20:05:38  Found 6 models, 1 snapshot, 2 data tests, 2 sources, 459 macros
[2024-11-13T20:05:38.539+0000] {subprocess.py:93} INFO - [0m20:05:38
[2024-11-13T20:05:40.809+0000] {subprocess.py:93} INFO - [0m20:05:40  Concurrency: 1 threads (target='dev')
[2024-11-13T20:05:40.819+0000] {subprocess.py:93} INFO - [0m20:05:40
[2024-11-13T20:05:40.892+0000] {subprocess.py:93} INFO - [0m20:05:40  1 of 1 START sql table model analytics.stock_indicators ........................ [RUN]
[2024-11-13T20:05:42.808+0000] {subprocess.py:93} INFO - [0m20:05:42  1 of 1 OK created sql table model analytics.stock_indicators ................... [[32mSUCCESS 1[0m in 1.90s]
[2024-11-13T20:05:42.825+0000] {subprocess.py:93} INFO - [0m20:05:42
[2024-11-13T20:05:42.826+0000] {subprocess.py:93} INFO - [0m20:05:42  Finished running 1 table model in 0 hours 0 minutes and 4.29 seconds (4.29s).
[2024-11-13T20:05:42.885+0000] {subprocess.py:93} INFO - [0m20:05:42
[2024-11-13T20:05:42.886+0000] {subprocess.py:93} INFO - [0m20:05:42  [32mCompleted successfully[0m
[2024-11-13T20:05:42.887+0000] {subprocess.py:93} INFO - [0m20:05:42
[2024-11-13T20:05:42.888+0000] {subprocess.py:93} INFO - [0m20:05:42  Done. PASS=1 WARN=0 ERROR=0 SKIP=0 TOTAL=1
[2024-11-13T20:05:44.073+0000] {subprocess.py:97} INFO - Command exited with return code 0
[2024-11-13T20:05:44.079+0000] {taskinstance.py:441} INFO - ::group::Post task execution logs
[2024-11-13T20:05:44.190+0000] {taskinstance.py:1206} INFO - Marking task as SUCCESS. dag_id=BuildELT_dbt, task_id=dbt_run, run_id=manual__2024-11-13T20:03:06.694624+00:00, execution_date=20241113T200306, start_date=20241113T200532, end_date=20241113T200544
[2024-11-13T20:05:44.278+0000] {local_task_job_runner.py:240} INFO - Task exited with return code 0
[2024-11-13T20:05:44.331+0000] {taskinstance.py:3498} INFO - 1 downstream tasks scheduled from follow-on schedule check
[2024-11-13T20:05:44.332+0000] {local_task_job_runner.py:222} INFO - ::endgroup::
