[2024-11-13T20:40:23.160+0000] {local_task_job_runner.py:120} INFO - ::group::Pre task execution logs
[2024-11-13T20:40:23.287+0000] {taskinstance.py:2076} INFO - Dependencies all met for dep_context=non-requeueable deps ti=<TaskInstance: BuildELT_dbt.dbt_snapshot scheduled__2024-11-12T20:40:00+00:00 [queued]>
[2024-11-13T20:40:23.315+0000] {taskinstance.py:2076} INFO - Dependencies all met for dep_context=requeueable deps ti=<TaskInstance: BuildELT_dbt.dbt_snapshot scheduled__2024-11-12T20:40:00+00:00 [queued]>
[2024-11-13T20:40:23.317+0000] {taskinstance.py:2306} INFO - Starting attempt 1 of 1
[2024-11-13T20:40:23.373+0000] {taskinstance.py:2330} INFO - Executing <Task(BashOperator): dbt_snapshot> on 2024-11-12 20:40:00+00:00
[2024-11-13T20:40:23.437+0000] {logging_mixin.py:188} WARNING - /home/***/.local/lib/python3.12/site-packages/***/task/task_runner/standard_task_runner.py:61 DeprecationWarning: This process (pid=1496) is multi-threaded, use of fork() may lead to deadlocks in the child.
[2024-11-13T20:40:23.429+0000] {standard_task_runner.py:90} INFO - Running: ['***', 'tasks', 'run', 'BuildELT_dbt', 'dbt_snapshot', 'scheduled__2024-11-12T20:40:00+00:00', '--job-id', '8399', '--raw', '--subdir', 'DAGS_FOLDER/build_elt_with_dbt.py', '--cfg-path', '/tmp/tmpafljz87f']
[2024-11-13T20:40:23.442+0000] {standard_task_runner.py:91} INFO - Job 8399: Subtask dbt_snapshot
[2024-11-13T20:40:23.442+0000] {standard_task_runner.py:63} INFO - Started process 1497 to run task
[2024-11-13T20:40:23.630+0000] {task_command.py:426} INFO - Running <TaskInstance: BuildELT_dbt.dbt_snapshot scheduled__2024-11-12T20:40:00+00:00 [running]> on host 4a1c99736074
[2024-11-13T20:40:24.006+0000] {taskinstance.py:2648} INFO - Exporting env vars: AIRFLOW_CTX_DAG_OWNER='***' AIRFLOW_CTX_DAG_ID='BuildELT_dbt' AIRFLOW_CTX_TASK_ID='dbt_snapshot' AIRFLOW_CTX_EXECUTION_DATE='2024-11-12T20:40:00+00:00' AIRFLOW_CTX_TRY_NUMBER='1' AIRFLOW_CTX_DAG_RUN_ID='scheduled__2024-11-12T20:40:00+00:00'
[2024-11-13T20:40:24.014+0000] {taskinstance.py:430} INFO - ::endgroup::
[2024-11-13T20:40:24.074+0000] {subprocess.py:63} INFO - Tmp dir root location: /tmp
[2024-11-13T20:40:24.080+0000] {subprocess.py:75} INFO - Running command: ['/usr/bin/bash', '-c', '/home/***/.local/bin/dbt snapshot --profiles-dir /opt/***/dbt --project-dir /opt/***/dbt']
[2024-11-13T20:40:24.107+0000] {subprocess.py:86} INFO - Output:
[2024-11-13T20:40:27.545+0000] {subprocess.py:93} INFO - [0m20:40:27  Running with dbt=1.8.7
[2024-11-13T20:40:29.476+0000] {subprocess.py:93} INFO - [0m20:40:29  Registered adapter: snowflake=1.8.4
[2024-11-13T20:40:29.768+0000] {subprocess.py:93} INFO - [0m20:40:29  Found 6 models, 1 snapshot, 2 data tests, 2 sources, 459 macros
[2024-11-13T20:40:29.778+0000] {subprocess.py:93} INFO - [0m20:40:29
[2024-11-13T20:40:32.052+0000] {subprocess.py:93} INFO - [0m20:40:32  Concurrency: 1 threads (target='dev')
[2024-11-13T20:40:32.058+0000] {subprocess.py:93} INFO - [0m20:40:32
[2024-11-13T20:40:32.075+0000] {subprocess.py:93} INFO - [0m20:40:32  1 of 1 START snapshot snapshot.snapshot_stock_indicators ....................... [RUN]
[2024-11-13T20:40:39.496+0000] {subprocess.py:93} INFO - [0m20:40:39  1 of 1 OK snapshotted snapshot.snapshot_stock_indicators ....................... [[32mSUCCESS 0[0m in 7.41s]
[2024-11-13T20:40:39.506+0000] {subprocess.py:93} INFO - [0m20:40:39
[2024-11-13T20:40:39.507+0000] {subprocess.py:93} INFO - [0m20:40:39  Finished running 1 snapshot in 0 hours 0 minutes and 9.73 seconds (9.73s).
[2024-11-13T20:40:39.553+0000] {subprocess.py:93} INFO - [0m20:40:39
[2024-11-13T20:40:39.554+0000] {subprocess.py:93} INFO - [0m20:40:39  [32mCompleted successfully[0m
[2024-11-13T20:40:39.554+0000] {subprocess.py:93} INFO - [0m20:40:39
[2024-11-13T20:40:39.555+0000] {subprocess.py:93} INFO - [0m20:40:39  Done. PASS=1 WARN=0 ERROR=0 SKIP=0 TOTAL=1
[2024-11-13T20:40:40.352+0000] {subprocess.py:97} INFO - Command exited with return code 0
[2024-11-13T20:40:40.361+0000] {taskinstance.py:441} INFO - ::group::Post task execution logs
[2024-11-13T20:40:40.485+0000] {taskinstance.py:1206} INFO - Marking task as SUCCESS. dag_id=BuildELT_dbt, task_id=dbt_snapshot, run_id=scheduled__2024-11-12T20:40:00+00:00, execution_date=20241112T204000, start_date=20241113T204023, end_date=20241113T204040
[2024-11-13T20:40:40.567+0000] {local_task_job_runner.py:240} INFO - Task exited with return code 0
[2024-11-13T20:40:40.610+0000] {taskinstance.py:3498} INFO - 0 downstream tasks scheduled from follow-on schedule check
[2024-11-13T20:40:40.611+0000] {local_task_job_runner.py:222} INFO - ::endgroup::
