[2024-11-13T20:40:01.449+0000] {local_task_job_runner.py:120} INFO - ::group::Pre task execution logs
[2024-11-13T20:40:01.588+0000] {taskinstance.py:2076} INFO - Dependencies all met for dep_context=non-requeueable deps ti=<TaskInstance: BuildELT_dbt.dbt_run scheduled__2024-11-12T20:40:00+00:00 [queued]>
[2024-11-13T20:40:01.597+0000] {taskinstance.py:2076} INFO - Dependencies all met for dep_context=requeueable deps ti=<TaskInstance: BuildELT_dbt.dbt_run scheduled__2024-11-12T20:40:00+00:00 [queued]>
[2024-11-13T20:40:01.597+0000] {taskinstance.py:2306} INFO - Starting attempt 1 of 1
[2024-11-13T20:40:01.638+0000] {taskinstance.py:2330} INFO - Executing <Task(BashOperator): dbt_run> on 2024-11-12 20:40:00+00:00
[2024-11-13T20:40:01.692+0000] {logging_mixin.py:188} WARNING - /home/***/.local/lib/python3.12/site-packages/***/task/task_runner/standard_task_runner.py:61 DeprecationWarning: This process (pid=1454) is multi-threaded, use of fork() may lead to deadlocks in the child.
[2024-11-13T20:40:01.693+0000] {standard_task_runner.py:63} INFO - Started process 1455 to run task
[2024-11-13T20:40:01.699+0000] {standard_task_runner.py:90} INFO - Running: ['***', 'tasks', 'run', 'BuildELT_dbt', 'dbt_run', 'scheduled__2024-11-12T20:40:00+00:00', '--job-id', '8397', '--raw', '--subdir', 'DAGS_FOLDER/build_elt_with_dbt.py', '--cfg-path', '/tmp/tmpcwniakc6']
[2024-11-13T20:40:01.707+0000] {standard_task_runner.py:91} INFO - Job 8397: Subtask dbt_run
[2024-11-13T20:40:01.797+0000] {task_command.py:426} INFO - Running <TaskInstance: BuildELT_dbt.dbt_run scheduled__2024-11-12T20:40:00+00:00 [running]> on host 4a1c99736074
[2024-11-13T20:40:01.935+0000] {taskinstance.py:2648} INFO - Exporting env vars: AIRFLOW_CTX_DAG_OWNER='***' AIRFLOW_CTX_DAG_ID='BuildELT_dbt' AIRFLOW_CTX_TASK_ID='dbt_run' AIRFLOW_CTX_EXECUTION_DATE='2024-11-12T20:40:00+00:00' AIRFLOW_CTX_TRY_NUMBER='1' AIRFLOW_CTX_DAG_RUN_ID='scheduled__2024-11-12T20:40:00+00:00'
[2024-11-13T20:40:01.936+0000] {taskinstance.py:430} INFO - ::endgroup::
[2024-11-13T20:40:01.985+0000] {subprocess.py:63} INFO - Tmp dir root location: /tmp
[2024-11-13T20:40:01.991+0000] {subprocess.py:75} INFO - Running command: ['/usr/bin/bash', '-c', '/home/***/.local/bin/dbt run --profiles-dir /opt/***/dbt --project-dir /opt/***/dbt']
[2024-11-13T20:40:02.008+0000] {subprocess.py:86} INFO - Output:
[2024-11-13T20:40:04.578+0000] {subprocess.py:93} INFO - [0m20:40:04  Running with dbt=1.8.7
[2024-11-13T20:40:05.868+0000] {subprocess.py:93} INFO - [0m20:40:05  Registered adapter: snowflake=1.8.4
[2024-11-13T20:40:06.157+0000] {subprocess.py:93} INFO - [0m20:40:06  Found 6 models, 1 snapshot, 2 data tests, 2 sources, 459 macros
[2024-11-13T20:40:06.159+0000] {subprocess.py:93} INFO - [0m20:40:06
[2024-11-13T20:40:08.758+0000] {subprocess.py:93} INFO - [0m20:40:08  Concurrency: 1 threads (target='dev')
[2024-11-13T20:40:08.765+0000] {subprocess.py:93} INFO - [0m20:40:08
[2024-11-13T20:40:08.853+0000] {subprocess.py:93} INFO - [0m20:40:08  1 of 1 START sql table model analytics.stock_indicators ........................ [RUN]
[2024-11-13T20:40:11.247+0000] {subprocess.py:93} INFO - [0m20:40:11  1 of 1 OK created sql table model analytics.stock_indicators ................... [[32mSUCCESS 1[0m in 2.39s]
[2024-11-13T20:40:11.259+0000] {subprocess.py:93} INFO - [0m20:40:11
[2024-11-13T20:40:11.260+0000] {subprocess.py:93} INFO - [0m20:40:11  Finished running 1 table model in 0 hours 0 minutes and 5.10 seconds (5.10s).
[2024-11-13T20:40:11.314+0000] {subprocess.py:93} INFO - [0m20:40:11
[2024-11-13T20:40:11.314+0000] {subprocess.py:93} INFO - [0m20:40:11  [32mCompleted successfully[0m
[2024-11-13T20:40:11.315+0000] {subprocess.py:93} INFO - [0m20:40:11
[2024-11-13T20:40:11.315+0000] {subprocess.py:93} INFO - [0m20:40:11  Done. PASS=1 WARN=0 ERROR=0 SKIP=0 TOTAL=1
[2024-11-13T20:40:12.161+0000] {subprocess.py:97} INFO - Command exited with return code 0
[2024-11-13T20:40:12.164+0000] {taskinstance.py:441} INFO - ::group::Post task execution logs
[2024-11-13T20:40:12.218+0000] {taskinstance.py:1206} INFO - Marking task as SUCCESS. dag_id=BuildELT_dbt, task_id=dbt_run, run_id=scheduled__2024-11-12T20:40:00+00:00, execution_date=20241112T204000, start_date=20241113T204001, end_date=20241113T204012
[2024-11-13T20:40:12.245+0000] {local_task_job_runner.py:240} INFO - Task exited with return code 0
[2024-11-13T20:40:12.290+0000] {taskinstance.py:3498} INFO - 1 downstream tasks scheduled from follow-on schedule check
[2024-11-13T20:40:12.293+0000] {local_task_job_runner.py:222} INFO - ::endgroup::
